{
  "/Users/nagisando/projects/Learning/storybook-testing-coverage/src/stories/Button.vue": {
    "path": "/Users/nagisando/projects/Learning/storybook-testing-coverage/src/stories/Button.vue",
    "statementMap": {
      "0": {
        "start": {
          "line": 9,
          "column": 15
        },
        "end": {
          "line": 51,
          "column": 1
        }
      },
      "1": {
        "start": {
          "line": 24,
          "column": 8
        },
        "end": {
          "line": 24,
          "column": null
        }
      },
      "2": {
        "start": {
          "line": 35,
          "column": 4
        },
        "end": {
          "line": 35,
          "column": null
        }
      },
      "3": {
        "start": {
          "line": 36,
          "column": 4
        },
        "end": {
          "line": 49,
          "column": null
        }
      },
      "4": {
        "start": {
          "line": 37,
          "column": 31
        },
        "end": {
          "line": 42,
          "column": 7
        }
      },
      "5": {
        "start": {
          "line": 43,
          "column": 29
        },
        "end": {
          "line": 45,
          "column": 7
        }
      },
      "6": {
        "start": {
          "line": 47,
          "column": 8
        },
        "end": {
          "line": 47,
          "column": null
        }
      },
      "7": {
        "start": {
          "line": 2,
          "column": 2
        },
        "end": {
          "line": 2,
          "column": 93
        }
      },
      "8": {
        "start": {
          "line": 2,
          "column": 49
        },
        "end": {
          "line": 2,
          "column": 56
        }
      }
    },
    "fnMap": {
      "0": {
        "name": "(anonymous_0)",
        "decl": {
          "start": {
            "line": 23,
            "column": 17
          },
          "end": {
            "line": 23,
            "column": 18
          }
        },
        "loc": {
          "start": {
            "line": 23,
            "column": 34
          },
          "end": {
            "line": 25,
            "column": 7
          }
        }
      },
      "1": {
        "name": "(anonymous_1)",
        "decl": {
          "start": {
            "line": 34,
            "column": 2
          },
          "end": {
            "line": 34,
            "column": 3
          }
        },
        "loc": {
          "start": {
            "line": 34,
            "column": 25
          },
          "end": {
            "line": 50,
            "column": 3
          }
        }
      },
      "2": {
        "name": "(anonymous_2)",
        "decl": {
          "start": {
            "line": 37,
            "column": 24
          },
          "end": {
            "line": 37,
            "column": 25
          }
        },
        "loc": {
          "start": {
            "line": 37,
            "column": 31
          },
          "end": {
            "line": 42,
            "column": 7
          }
        }
      },
      "3": {
        "name": "(anonymous_3)",
        "decl": {
          "start": {
            "line": 43,
            "column": 22
          },
          "end": {
            "line": 43,
            "column": 23
          }
        },
        "loc": {
          "start": {
            "line": 43,
            "column": 29
          },
          "end": {
            "line": 45,
            "column": 7
          }
        }
      },
      "4": {
        "name": "(anonymous_4)",
        "decl": {
          "start": {
            "line": 46,
            "column": 6
          },
          "end": {
            "line": 46,
            "column": 7
          }
        },
        "loc": {
          "start": {
            "line": 46,
            "column": 16
          },
          "end": {
            "line": 48,
            "column": null
          }
        }
      },
      "5": {
        "name": "(anonymous_6)",
        "decl": {
          "start": {
            "line": 2,
            "column": 47
          },
          "end": {
            "line": 2,
            "column": 49
          }
        },
        "loc": {
          "start": {
            "line": 2,
            "column": 49
          },
          "end": {
            "line": 2,
            "column": 56
          }
        }
      }
    },
    "branchMap": {
      "0": {
        "loc": {
          "start": {
            "line": 41,
            "column": 30
          },
          "end": {
            "line": 41,
            "column": 52
          }
        },
        "type": "binary-expr",
        "locations": [
          {
            "start": {
              "line": 41,
              "column": 30
            },
            "end": {
              "line": 41,
              "column": 41
            }
          },
          {
            "start": {
              "line": 41,
              "column": 44
            },
            "end": {
              "line": 41,
              "column": 52
            }
          }
        ]
      },
      "1": {
        "loc": {
          "start": {
            "line": 2,
            "column": 47
          },
          "end": {
            "line": 2,
            "column": 59
          }
        },
        "type": "binary-expr",
        "locations": [
          {
            "start": {
              "line": 2,
              "column": 47
            },
            "end": {
              "line": 2,
              "column": 49
            }
          },
          {
            "start": {
              "line": 2,
              "column": 47
            },
            "end": {
              "line": 2,
              "column": 59
            }
          }
        ]
      },
      "2": {
        "loc": {
          "start": {
            "line": 2,
            "column": 49
          },
          "end": {
            "line": 2,
            "column": 56
          }
        },
        "type": "binary-expr",
        "locations": [
          {
            "start": {
              "line": 2,
              "column": 49
            },
            "end": {
              "line": 2,
              "column": 56
            }
          },
          {
            "start": {
              "line": 2,
              "column": 49
            },
            "end": {
              "line": 2,
              "column": 56
            }
          }
        ]
      }
    },
    "s": {
      "0": 9,
      "1": 16,
      "2": 25,
      "3": 25,
      "4": 25,
      "5": 25,
      "6": 1,
      "7": 25,
      "8": 1
    },
    "f": {
      "0": 16,
      "1": 25,
      "2": 25,
      "3": 25,
      "4": 1,
      "5": 1
    },
    "b": {
      "0": [
        25,
        9
      ],
      "1": [
        25,
        25
      ],
      "2": [
        1,
        1
      ]
    }
  },
  "/Users/nagisando/projects/Learning/storybook-testing-coverage/src/stories/Header.vue": {
    "path": "/Users/nagisando/projects/Learning/storybook-testing-coverage/src/stories/Header.vue",
    "statementMap": {
      "0": {
        "start": {
          "line": 37,
          "column": 15
        },
        "end": {
          "line": 49,
          "column": 1
        }
      },
      "1": {
        "start": {
          "line": 3,
          "column": 9
        },
        "end": {
          "line": 3,
          "column": null
        }
      },
      "2": {
        "start": {
          "line": 24,
          "column": 42
        },
        "end": {
          "line": 24,
          "column": 57
        }
      },
      "3": {
        "start": {
          "line": 24,
          "column": 73
        },
        "end": {
          "line": 24,
          "column": 81
        }
      },
      "4": {
        "start": {
          "line": 25,
          "column": 40
        },
        "end": {
          "line": 25,
          "column": 57
        }
      },
      "5": {
        "start": {
          "line": 26,
          "column": 40
        },
        "end": {
          "line": 26,
          "column": 56
        }
      },
      "6": {
        "start": {
          "line": 27,
          "column": 48
        },
        "end": {
          "line": 27,
          "column": 72
        }
      }
    },
    "fnMap": {
      "0": {
        "name": "(anonymous_1)",
        "decl": {
          "start": {
            "line": 25,
            "column": 38
          },
          "end": {
            "line": 25,
            "column": 40
          }
        },
        "loc": {
          "start": {
            "line": 25,
            "column": 40
          },
          "end": {
            "line": 25,
            "column": 57
          }
        }
      },
      "1": {
        "name": "(anonymous_2)",
        "decl": {
          "start": {
            "line": 26,
            "column": 38
          },
          "end": {
            "line": 26,
            "column": 40
          }
        },
        "loc": {
          "start": {
            "line": 26,
            "column": 40
          },
          "end": {
            "line": 26,
            "column": 56
          }
        }
      },
      "2": {
        "name": "(anonymous_3)",
        "decl": {
          "start": {
            "line": 27,
            "column": 46
          },
          "end": {
            "line": 27,
            "column": 48
          }
        },
        "loc": {
          "start": {
            "line": 27,
            "column": 48
          },
          "end": {
            "line": 27,
            "column": 72
          }
        }
      }
    },
    "branchMap": {
      "0": {
        "loc": {
          "start": {
            "line": 25,
            "column": 38
          },
          "end": {
            "line": 25,
            "column": 57
          }
        },
        "type": "binary-expr",
        "locations": [
          {
            "start": {
              "line": 25,
              "column": 38
            },
            "end": {
              "line": 25,
              "column": 40
            }
          },
          {
            "start": {
              "line": 25,
              "column": 38
            },
            "end": {
              "line": 25,
              "column": 57
            }
          }
        ]
      },
      "1": {
        "loc": {
          "start": {
            "line": 26,
            "column": 38
          },
          "end": {
            "line": 26,
            "column": 56
          }
        },
        "type": "binary-expr",
        "locations": [
          {
            "start": {
              "line": 26,
              "column": 38
            },
            "end": {
              "line": 26,
              "column": 40
            }
          },
          {
            "start": {
              "line": 26,
              "column": 38
            },
            "end": {
              "line": 26,
              "column": 56
            }
          }
        ]
      },
      "2": {
        "loc": {
          "start": {
            "line": 27,
            "column": 46
          },
          "end": {
            "line": 27,
            "column": 72
          }
        },
        "type": "binary-expr",
        "locations": [
          {
            "start": {
              "line": 27,
              "column": 46
            },
            "end": {
              "line": 27,
              "column": 48
            }
          },
          {
            "start": {
              "line": 27,
              "column": 46
            },
            "end": {
              "line": 27,
              "column": 72
            }
          }
        ]
      }
    },
    "s": {
      "0": 4,
      "1": 4,
      "2": 4,
      "3": 4,
      "4": 0,
      "5": 1,
      "6": 0
    },
    "f": {
      "0": 0,
      "1": 1,
      "2": 0
    },
    "b": {
      "0": [
        3,
        3
      ],
      "1": [
        4,
        4
      ],
      "2": [
        4,
        4
      ]
    }
  },
  "/Users/nagisando/projects/Learning/storybook-testing-coverage/src/stories/Page.vue": {
    "path": "/Users/nagisando/projects/Learning/storybook-testing-coverage/src/stories/Page.vue",
    "statementMap": {
      "0": {
        "start": {
          "line": 65,
          "column": 15
        },
        "end": {
          "line": 87,
          "column": 1
        }
      },
      "1": {
        "start": {
          "line": 71,
          "column": 4
        },
        "end": {
          "line": 73,
          "column": null
        }
      },
      "2": {
        "start": {
          "line": 78,
          "column": 6
        },
        "end": {
          "line": 78,
          "column": null
        }
      },
      "3": {
        "start": {
          "line": 81,
          "column": 6
        },
        "end": {
          "line": 81,
          "column": null
        }
      },
      "4": {
        "start": {
          "line": 84,
          "column": 6
        },
        "end": {
          "line": 84,
          "column": null
        }
      }
    },
    "fnMap": {
      "0": {
        "name": "(anonymous_0)",
        "decl": {
          "start": {
            "line": 70,
            "column": 2
          },
          "end": {
            "line": 70,
            "column": 3
          }
        },
        "loc": {
          "start": {
            "line": 70,
            "column": 9
          },
          "end": {
            "line": 74,
            "column": 3
          }
        }
      },
      "1": {
        "name": "(anonymous_1)",
        "decl": {
          "start": {
            "line": 77,
            "column": 4
          },
          "end": {
            "line": 77,
            "column": 5
          }
        },
        "loc": {
          "start": {
            "line": 77,
            "column": 14
          },
          "end": {
            "line": 79,
            "column": 5
          }
        }
      },
      "2": {
        "name": "(anonymous_2)",
        "decl": {
          "start": {
            "line": 80,
            "column": 4
          },
          "end": {
            "line": 80,
            "column": 5
          }
        },
        "loc": {
          "start": {
            "line": 80,
            "column": 15
          },
          "end": {
            "line": 82,
            "column": 5
          }
        }
      },
      "3": {
        "name": "(anonymous_3)",
        "decl": {
          "start": {
            "line": 83,
            "column": 4
          },
          "end": {
            "line": 83,
            "column": 5
          }
        },
        "loc": {
          "start": {
            "line": 83,
            "column": 22
          },
          "end": {
            "line": 85,
            "column": 5
          }
        }
      }
    },
    "branchMap": {},
    "s": {
      "0": 2,
      "1": 3,
      "2": 1,
      "3": 0,
      "4": 0
    },
    "f": {
      "0": 3,
      "1": 1,
      "2": 0,
      "3": 0
    },
    "b": {}
  }
}